  Game.cpp
C:\Users\Petr Kopecky\Documents\C\Piškvorky\Piškvorky\Tech.h(4,23): warning C4244: argument: time_t se převádí na unsigned int; může dojít ke ztrátě dat.
C:\Users\Petr Kopecky\Documents\C\Piškvorky\Piškvorky\Board.h(90,20): warning C4267: =: Převod z: size_t na: int, může dojít ke ztrátě dat.
C:\Users\Petr Kopecky\Documents\C\Piškvorky\Piškvorky\Board.h(122,18): warning C4267: inicializování: Převod z: size_t na: int, může dojít ke ztrátě dat.
C:\Users\Petr Kopecky\Documents\C\Piškvorky\Piškvorky\Board.h(212,21): warning C4267: =: Převod z: size_t na: int, může dojít ke ztrátě dat.
C:\Users\Petr Kopecky\Documents\C\Piškvorky\Piškvorky\Board.h(301,21): warning C4267: =: Převod z: size_t na: int, může dojít ke ztrátě dat.
C:\Users\Petr Kopecky\Documents\C\Piškvorky\Piškvorky\Board.h(409,21): warning C4267: =: Převod z: size_t na: int, může dojít ke ztrátě dat.
C:\Users\Petr Kopecky\Documents\C\Piškvorky\Piškvorky\Window.h(191,28): warning C4244: inicializování: LRESULT se převádí na int; může dojít ke ztrátě dat.
C:\Users\Petr Kopecky\Documents\C\Piškvorky\Piškvorky\Window.h(192,27): warning C4244: inicializování: LRESULT se převádí na int; může dojít ke ztrátě dat.
C:\Users\Petr Kopecky\Documents\C\Piškvorky\Piškvorky\Window.h(193,35): warning C4244: inicializování: LRESULT se převádí na int; může dojít ke ztrátě dat.
C:\Users\Petr Kopecky\Documents\C\Piškvorky\Piškvorky\Window.h(206,45): warning C4244: =: LRESULT se převádí na int; může dojít ke ztrátě dat.
C:\Users\Petr Kopecky\Documents\C\Piškvorky\Piškvorky\Window.h(207,46): warning C4244: =: LRESULT se převádí na int; může dojít ke ztrátě dat.
C:\Users\Petr Kopecky\Documents\C\Piškvorky\Piškvorky\Window.h(260,23): warning C4244: inicializování: LRESULT se převádí na int; může dojít ke ztrátě dat.
C:\Users\Petr Kopecky\Documents\C\Piškvorky\Piškvorky\Window.h(261,23): warning C4244: inicializování: LRESULT se převádí na int; může dojít ke ztrátě dat.
C:\Users\Petr Kopecky\Documents\C\Piškvorky\Piškvorky\Window.h(310,23): warning C4244: inicializování: LRESULT se převádí na int; může dojít ke ztrátě dat.
C:\Users\Petr Kopecky\Documents\C\Piškvorky\Piškvorky\Window.h(311,23): warning C4244: inicializování: LRESULT se převádí na int; může dojít ke ztrátě dat.
C:\Users\Petr Kopecky\Documents\C\Piškvorky\Piškvorky\Window.h(370,27): warning C4244: inicializování: LRESULT se převádí na int; může dojít ke ztrátě dat.
C:\Users\Petr Kopecky\Documents\C\Piškvorky\Piškvorky\Window.h(376,27): warning C4244: inicializování: LRESULT se převádí na int; může dojít ke ztrátě dat.
C:\Users\Petr Kopecky\Documents\C\Piškvorky\Piškvorky\Window.h(382,27): warning C4244: inicializování: LRESULT se převádí na int; může dojít ke ztrátě dat.
C:\Users\Petr Kopecky\Documents\C\Piškvorky\Piškvorky\Window.h(388,27): warning C4244: inicializování: LRESULT se převádí na int; může dojít ke ztrátě dat.
C:\Users\Petr Kopecky\Documents\C\Piškvorky\Piškvorky\Window.h(415,27): warning C4244: inicializování: LRESULT se převádí na int; může dojít ke ztrátě dat.
C:\Users\Petr Kopecky\Documents\C\Piškvorky\Piškvorky\Window.h(436,28): warning C4244: inicializování: LRESULT se převádí na int; může dojít ke ztrátě dat.
C:\Users\Petr Kopecky\Documents\C\Piškvorky\Piškvorky\Window.h(437,58): warning C4244: argument: LRESULT se převádí na int; může dojít ke ztrátě dat.
C:\Users\Petr Kopecky\Documents\C\Piškvorky\Piškvorky\Window.h(446,28): warning C4244: inicializování: LRESULT se převádí na int; může dojít ke ztrátě dat.
C:\Users\Petr Kopecky\Documents\C\Piškvorky\Piškvorky\Window.h(447,58): warning C4244: argument: LRESULT se převádí na int; může dojít ke ztrátě dat.
C:\Users\Petr Kopecky\Documents\C\Piškvorky\Piškvorky\Window.h(544,97): warning C4244: argument: double se převádí na int; může dojít ke ztrátě dat.
C:\Users\Petr Kopecky\Documents\C\Piškvorky\Piškvorky\Window.h(545,108): warning C4244: argument: double se převádí na int; může dojít ke ztrátě dat.
C:\Users\Petr Kopecky\Documents\C\Piškvorky\Piškvorky\Window.h(546,99): warning C4244: argument: double se převádí na int; může dojít ke ztrátě dat.
C:\Users\Petr Kopecky\Documents\C\Piškvorky\Piškvorky\Window.h(547,110): warning C4244: argument: double se převádí na int; může dojít ke ztrátě dat.
C:\Users\Petr Kopecky\Documents\C\Piškvorky\Piškvorky\Window.h(548,88): warning C4244: argument: double se převádí na int; může dojít ke ztrátě dat.
C:\Users\Petr Kopecky\Documents\C\Piškvorky\Piškvorky\Window.h(548,56): warning C4244: argument: double se převádí na int; může dojít ke ztrátě dat.
C:\Users\Petr Kopecky\Documents\C\Piškvorky\Piškvorky\Window.h(554,103): warning C4244: argument: double se převádí na int; může dojít ke ztrátě dat.
C:\Users\Petr Kopecky\Documents\C\Piškvorky\Piškvorky\Window.h(554,71): warning C4244: argument: double se převádí na int; může dojít ke ztrátě dat.
C:\Users\Petr Kopecky\Documents\C\Piškvorky\Piškvorky\Window.h(559,103): warning C4244: argument: double se převádí na int; může dojít ke ztrátě dat.
C:\Users\Petr Kopecky\Documents\C\Piškvorky\Piškvorky\Window.h(559,71): warning C4244: argument: double se převádí na int; může dojít ke ztrátě dat.
C:\Users\Petr Kopecky\Documents\C\Piškvorky\Piškvorky\Window.h(563,82): warning C4244: argument: double se převádí na int; může dojít ke ztrátě dat.
C:\Users\Petr Kopecky\Documents\C\Piškvorky\Piškvorky\Window.h(568,94): warning C4244: argument: double se převádí na int; může dojít ke ztrátě dat.
C:\Users\Petr Kopecky\Documents\C\Piškvorky\Piškvorky\Window.h(568,62): warning C4244: argument: double se převádí na int; může dojít ke ztrátě dat.
C:\Users\Petr Kopecky\Documents\C\Piškvorky\Piškvorky\Window.h(569,107): warning C4244: argument: double se převádí na int; může dojít ke ztrátě dat.
C:\Users\Petr Kopecky\Documents\C\Piškvorky\Piškvorky\Window.h(569,73): warning C4244: argument: double se převádí na int; může dojít ke ztrátě dat.
C:\Users\Petr Kopecky\Documents\C\Piškvorky\Piškvorky\Window.h(50,14): warning C4101: Pismeno: neodkazovaná lokální proměnná
C:\Users\Petr Kopecky\Documents\C\Piškvorky\Piškvorky\Window.h(49,13): warning C4101: Cislo: neodkazovaná lokální proměnná
C:\Users\Petr Kopecky\Documents\C\Piškvorky\Piškvorky\Window.h(52,14): warning C4101: nekdo_vyhral: neodkazovaná lokální proměnná
C:\Users\Petr Kopecky\Documents\C\Piškvorky\Piškvorky\Window.h(51,17): warning C4101: position: neodkazovaná lokální proměnná
C:\Users\Petr Kopecky\Documents\C\Piškvorky\Piškvorky\Window.h(602,53): warning C4244: argument: double se převádí na int; může dojít ke ztrátě dat.
C:\Users\Petr Kopecky\Documents\C\Piškvorky\Piškvorky\Window.h(611,56): warning C4244: argument: double se převádí na int; může dojít ke ztrátě dat.
C:\Users\Petr Kopecky\Documents\C\Piškvorky\Piškvorky\Window.h(620,70): warning C4244: argument: double se převádí na int; může dojít ke ztrátě dat.
C:\Users\Petr Kopecky\Documents\C\Piškvorky\Piškvorky\Window.h(626,70): warning C4244: argument: double se převádí na int; může dojít ke ztrátě dat.
C:\Users\Petr Kopecky\Documents\C\Piškvorky\Piškvorky\Window.h(632,86): warning C4244: argument: double se převádí na int; může dojít ke ztrátě dat.
C:\Users\Petr Kopecky\Documents\C\Piškvorky\Piškvorky\Window.h(632,53): warning C4244: argument: double se převádí na int; může dojít ke ztrátě dat.
C:\Users\Petr Kopecky\Documents\C\Piškvorky\Piškvorky\Window.h(632,21): warning C4244: argument: double se převádí na int; může dojít ke ztrátě dat.
C:\Users\Petr Kopecky\Documents\C\Piškvorky\Piškvorky\Window.h(642,41): warning C4244: argument: double se převádí na int; může dojít ke ztrátě dat.
C:\Users\Petr Kopecky\Documents\C\Piškvorky\Piškvorky\Window.h(711,56): warning C4244: argument: double se převádí na int; může dojít ke ztrátě dat.
C:\Users\Petr Kopecky\Documents\C\Piškvorky\Piškvorky\Window.h(720,56): warning C4244: argument: double se převádí na int; může dojít ke ztrátě dat.
C:\Users\Petr Kopecky\Documents\C\Piškvorky\Piškvorky\Window.h(729,70): warning C4244: argument: double se převádí na int; může dojít ke ztrátě dat.
C:\Users\Petr Kopecky\Documents\C\Piškvorky\Piškvorky\Window.h(735,70): warning C4244: argument: double se převádí na int; může dojít ke ztrátě dat.
C:\Users\Petr Kopecky\Documents\C\Piškvorky\Piškvorky\Window.h(741,87): warning C4244: argument: double se převádí na int; může dojít ke ztrátě dat.
C:\Users\Petr Kopecky\Documents\C\Piškvorky\Piškvorky\Window.h(741,53): warning C4244: argument: double se převádí na int; může dojít ke ztrátě dat.
C:\Users\Petr Kopecky\Documents\C\Piškvorky\Piškvorky\Window.h(741,21): warning C4244: argument: double se převádí na int; může dojít ke ztrátě dat.
C:\Users\Petr Kopecky\Documents\C\Piškvorky\Piškvorky\Window.h(751,41): warning C4244: argument: double se převádí na int; může dojít ke ztrátě dat.
C:\Users\Petr Kopecky\Documents\C\Piškvorky\Piškvorky\Window.h(815,40): warning C4244: argument: double se převádí na int; může dojít ke ztrátě dat.
C:\Users\Petr Kopecky\Documents\C\Piškvorky\Piškvorky\Window.h(847,29): warning C4244: argument: double se převádí na int; může dojít ke ztrátě dat.
C:\Users\Petr Kopecky\Documents\C\Piškvorky\Piškvorky\Window.h(860,27): warning C4244: argument: double se převádí na int; může dojít ke ztrátě dat.
C:\Users\Petr Kopecky\Documents\C\Piškvorky\Piškvorky\Window.h(1003,36): warning C4244: argument: double se převádí na int; může dojít ke ztrátě dat.
C:\Users\Petr Kopecky\Documents\C\Piškvorky\Piškvorky\Window.h(1004,37): warning C4244: argument: double se převádí na int; může dojít ke ztrátě dat.
C:\Users\Petr Kopecky\Documents\C\Piškvorky\Piškvorky\Board.h(415): warning C4715: hraci_plocha::tah_bota: ne všechny cesty k ovládacím prvkům vrací hodnotu
  Piškvorky.vcxproj -> C:\Users\Petr Kopecky\Documents\C\Piškvorky\x64\Debug\Piškvorky.exe
